11:11:37.551 [main] INFO  testCases.Tc_001_homePageTest - -----NAVIGATING BACK TO COGNIZANT NEWS PAGE-----
11:11:37.685 [main] INFO  testCases.Tc_001_homePageTest - -----NEWS HEADERS GETTING CLICKED-----
11:11:38.398 [main] INFO  testCases.Tc_001_homePageTest - -----COMPARING THE NEWS HEADERS-----
11:11:40.301 [main] INFO  testCases.Tc_001_homePageTest - -----NAVIGATING BACK TO COGNIZANT NEWS PAGE-----
11:11:40.742 [main] INFO  testCases.Tc_001_homePageTest - -----NEWS HEADERS GETTING CLICKED-----
11:11:41.308 [main] INFO  testCases.Tc_001_homePageTest - -----COMPARING THE NEWS HEADERS-----
11:11:43.403 [main] INFO  testCases.Tc_001_homePageTest - -----NAVIGATING BACK TO COGNIZANT NEWS PAGE-----
11:11:43.846 [main] INFO  testCases.Tc_001_homePageTest - -----NEWS HEADERS GETTING CLICKED-----
11:11:44.390 [main] INFO  testCases.Tc_001_homePageTest - -----COMPARING THE NEWS HEADERS-----
11:11:47.596 [main] INFO  testCases.Tc_001_homePageTest - -----NAVIGATING BACK TO COGNIZANT NEWS PAGE-----
14:04:02.227 [main] INFO  testCases.Tc_001_homePageTest - -----Capturing the profile screen Screenshot------
14:04:02.686 [main] INFO  testCases.Tc_001_homePageTest - -----Capturing the profile screen------
14:04:06.831 [main] INFO  testCases.Tc_001_homePageTest - -----Capturing the AroundCognizant screen Screenshot------
14:04:07.006 [main] INFO  testCases.Tc_001_homePageTest - ------Capturing Around Cognizant------
14:04:08.040 [main] INFO  testCases.Tc_001_homePageTest - -----Performing validation on Around Cognizant-----
14:04:08.062 [main] INFO  testCases.Tc_001_homePageTest - ------Capturing the count of news-------
14:04:08.067 [main] INFO  testCases.Tc_001_homePageTest - -----Capturing the header of the news-------
14:04:10.980 [main] INFO  testCases.Tc_001_homePageTest - -------Capturing the Tool-tips of the news------- 
14:04:12.004 [main] INFO  testCases.Tc_001_homePageTest - ------Capturing till the scroll-----
14:04:12.376 [main] INFO  testCases.Tc_001_homePageTest - ------Capturing the Header of second page------
14:04:19.391 [main] INFO  testCases.Tc_001_homePageTest - -----Capturing the 2nd page Screenshot------
14:04:19.569 [main] INFO  testCases.Tc_001_homePageTest - ------Printing the Header of second page in Excel------
14:06:01.411 [main] INFO  testCases.Tc_001_homePageTest - -----Capturing the content of each news-----
14:06:01.412 [main] INFO  testCases.Tc_001_homePageTest - -----STORING NEWS HEADER AND CONTENT INTO EXCEL-----
14:10:36.203 [main] INFO  testCases.Tc_001_homePageTest - -----Capturing the profile screen Screenshot------
14:10:36.531 [main] INFO  testCases.Tc_001_homePageTest - -----Capturing the profile screen------
14:10:40.645 [main] INFO  testCases.Tc_001_homePageTest - -----Capturing the AroundCognizant screen Screenshot------
14:10:40.804 [main] INFO  testCases.Tc_001_homePageTest - ------Capturing Around Cognizant------
14:10:41.835 [main] INFO  testCases.Tc_001_homePageTest - -----Performing validation on Around Cognizant-----
14:10:41.856 [main] INFO  testCases.Tc_001_homePageTest - ------Capturing the count of news-------
14:10:41.861 [main] INFO  testCases.Tc_001_homePageTest - -----Capturing the header of the news-------
14:10:45.288 [main] INFO  testCases.Tc_001_homePageTest - -------Capturing the Tool-tips of the news------- 
14:10:47.112 [main] INFO  testCases.Tc_001_homePageTest - ------Capturing till the scroll-----
14:10:47.482 [main] INFO  testCases.Tc_001_homePageTest - ------Capturing the Header of second page------
14:10:54.492 [main] INFO  testCases.Tc_001_homePageTest - -----Capturing the 2nd page Screenshot------
14:10:54.686 [main] INFO  testCases.Tc_001_homePageTest - ------Printing the Header of second page in Excel------
14:12:35.756 [main] INFO  testCases.Tc_001_homePageTest - -----Capturing the content of each news-----
14:12:35.756 [main] INFO  testCases.Tc_001_homePageTest - -----STORING NEWS HEADER AND CONTENT INTO EXCEL-----
14:12:35.886 [main] INFO  testCases.Tc_001_homePageTest - -----NEWS HEADERS GETTING CLICKED-----
14:12:36.167 [main] INFO  testCases.Tc_001_homePageTest - -----COMPARING THE NEWS HEADERS-----
14:12:39.051 [main] INFO  testCases.Tc_001_homePageTest - -----NAVIGATING BACK TO COGNIZANT NEWS PAGE-----
14:12:39.228 [main] INFO  testCases.Tc_001_homePageTest - -----NEWS HEADERS GETTING CLICKED-----
14:12:54.930 [main] INFO  testCases.Tc_001_homePageTest - -----COMPARING THE NEWS HEADERS-----
14:12:56.516 [main] INFO  testCases.Tc_001_homePageTest - -----NAVIGATING BACK TO COGNIZANT NEWS PAGE-----
14:12:56.612 [main] INFO  testCases.Tc_001_homePageTest - -----NEWS HEADERS GETTING CLICKED-----
14:12:57.230 [main] INFO  testCases.Tc_001_homePageTest - -----COMPARING THE NEWS HEADERS-----
14:12:59.296 [main] INFO  testCases.Tc_001_homePageTest - -----NAVIGATING BACK TO COGNIZANT NEWS PAGE-----
14:12:59.547 [main] INFO  testCases.Tc_001_homePageTest - -----NEWS HEADERS GETTING CLICKED-----
14:12:59.970 [main] INFO  testCases.Tc_001_homePageTest - -----COMPARING THE NEWS HEADERS-----
